# JRE version: OpenJDK Runtime Environment (17.0.11) (build 17.0.11+0--11852314)
# Java VM: OpenJDK 64-Bit Server VM (17.0.11+0--11852314, mixed mode, tiered, compressed oops, compressed class ptrs, g1 gc, windows-amd64)
GC Precious Log:
 CPUs: 8 total, 8 available
 Memory: 7778M
 Large Page Support: Disabled
 NUMA Support: Disabled
 Compressed Oops: Enabled (32-bit)
 Heap Region Size: 1M
 Heap Min Capacity: 8M
 Heap Initial Capacity: 122M
 Heap Max Capacity: 1946M
 Pre-touch: Disabled
 Parallel Workers: 8
 Concurrent Workers: 2
 Concurrent Refinement Workers: 8
 Periodic GC: Disabled
Heap:
 garbage-first heap   total 128000K, used 63690K [0x0000000086600000, 0x0000000100000000)
  region size 1024K, 4 young (4096K), 4 survivors (4096K)
 Metaspace       used 53159K, committed 53376K, reserved 1114112K
  class space    used 6340K, committed 6464K, reserved 1048576K
GC Heap History (20 events):
Event: 6.475 GC heap after
{Heap after GC invocations=12 (full 0):
 garbage-first heap   total 60416K, used 27669K [0x0000000086600000, 0x0000000100000000)
  region size 1024K, 2 young (2048K), 2 survivors (2048K)
 Metaspace       used 43742K, committed 44032K, reserved 1114112K
  class space    used 5307K, committed 5440K, reserved 1048576K
}
Event: 6.807 GC heap before
{Heap before GC invocations=12 (full 0):
 garbage-first heap   total 60416K, used 34837K [0x0000000086600000, 0x0000000100000000)
  region size 1024K, 10 young (10240K), 2 survivors (2048K)
 Metaspace       used 45398K, committed 45568K, reserved 1114112K
  class space    used 5541K, committed 5632K, reserved 1048576K
}
Event: 6.819 GC heap after
{Heap after GC invocations=13 (full 0):
 garbage-first heap   total 79872K, used 28517K [0x0000000086600000, 0x0000000100000000)
  region size 1024K, 3 young (3072K), 3 survivors (3072K)
 Metaspace       used 45398K, committed 45568K, reserved 1114112K
  class space    used 5541K, committed 5632K, reserved 1048576K
}
Event: 7.727 GC heap before
{Heap before GC invocations=13 (full 0):
 garbage-first heap   total 79872K, used 57189K [0x0000000086600000, 0x0000000100000000)
  region size 1024K, 29 young (29696K), 3 survivors (3072K)
 Metaspace       used 49594K, committed 49856K, reserved 1114112K
  class space    used 6014K, committed 6144K, reserved 1048576K
}
Event: 7.749 GC heap after
{Heap after GC invocations=14 (full 0):
 garbage-first heap   total 79872K, used 35170K [0x0000000086600000, 0x0000000100000000)
  region size 1024K, 4 young (4096K), 4 survivors (4096K)
 Metaspace       used 49594K, committed 49856K, reserved 1114112K
  class space    used 6014K, committed 6144K, reserved 1048576K
}
Event: 8.126 GC heap before
{Heap before GC invocations=14 (full 0):
 garbage-first heap   total 79872K, used 58722K [0x0000000086600000, 0x0000000100000000)
  region size 1024K, 27 young (27648K), 4 survivors (4096K)
 Metaspace       used 50784K, committed 51008K, reserved 1114112K
  class space    used 6118K, committed 6208K, reserved 1048576K
}
Event: 8.153 GC heap after
{Heap after GC invocations=15 (full 0):
 garbage-first heap   total 79872K, used 38790K [0x0000000086600000, 0x0000000100000000)
  region size 1024K, 4 young (4096K), 4 survivors (4096K)
 Metaspace       used 50784K, committed 51008K, reserved 1114112K
  class space    used 6118K, committed 6208K, reserved 1048576K
}
Event: 8.299 GC heap before
{Heap before GC invocations=15 (full 0):
 garbage-first heap   total 79872K, used 59270K [0x0000000086600000, 0x0000000100000000)
  region size 1024K, 24 young (24576K), 4 survivors (4096K)
 Metaspace       used 50824K, committed 51072K, reserved 1114112K
  class space    used 6118K, committed 6208K, reserved 1048576K
}
Event: 8.316 GC heap after
{Heap after GC invocations=16 (full 0):
 garbage-first heap   total 79872K, used 40862K [0x0000000086600000, 0x0000000100000000)
  region size 1024K, 2 young (2048K), 2 survivors (2048K)
 Metaspace       used 50824K, committed 51072K, reserved 1114112K
  class space    used 6118K, committed 6208K, reserved 1048576K
}
Event: 8.805 GC heap before
{Heap before GC invocations=16 (full 0):
 garbage-first heap   total 79872K, used 61342K [0x0000000086600000, 0x0000000100000000)
  region size 1024K, 22 young (22528K), 2 survivors (2048K)
 Metaspace       used 52798K, committed 53056K, reserved 1114112K
  class space    used 6330K, committed 6464K, reserved 1048576K
}
Event: 8.817 GC heap after
{Heap after GC invocations=17 (full 0):
 garbage-first heap   total 128000K, used 42115K [0x0000000086600000, 0x0000000100000000)
  region size 1024K, 3 young (3072K), 3 survivors (3072K)
 Metaspace       used 52798K, committed 53056K, reserved 1114112K
  class space    used 6330K, committed 6464K, reserved 1048576K
}
Event: 9.692 GC heap before
{Heap before GC invocations=18 (full 0):
 garbage-first heap   total 128000K, used 94339K [0x0000000086600000, 0x0000000100000000)
  region size 1024K, 52 young (53248K), 3 survivors (3072K)
 Metaspace       used 52873K, committed 53120K, reserved 1114112K
  class space    used 6335K, committed 6464K, reserved 1048576K
}
Event: 9.710 GC heap after
{Heap after GC invocations=19 (full 0):
 garbage-first heap   total 128000K, used 49229K [0x0000000086600000, 0x0000000100000000)
  region size 1024K, 7 young (7168K), 7 survivors (7168K)
 Metaspace       used 52873K, committed 53120K, reserved 1114112K
  class space    used 6335K, committed 6464K, reserved 1048576K
}
Event: 9.727 GC heap before
{Heap before GC invocations=19 (full 0):
 garbage-first heap   total 128000K, used 50253K [0x0000000086600000, 0x0000000100000000)
  region size 1024K, 8 young (8192K), 7 survivors (7168K)
 Metaspace       used 52873K, committed 53120K, reserved 1114112K
  class space    used 6335K, committed 6464K, reserved 1048576K
}
Event: 9.741 GC heap after
{Heap after GC invocations=20 (full 0):
 garbage-first heap   total 128000K, used 49758K [0x0000000086600000, 0x0000000100000000)
  region size 1024K, 1 young (1024K), 1 survivors (1024K)
 Metaspace       used 52873K, committed 53120K, reserved 1114112K
  class space    used 6335K, committed 6464K, reserved 1048576K
}
Event: 10.051 GC heap before
{Heap before GC invocations=20 (full 0):
 garbage-first heap   total 128000K, used 93790K [0x0000000086600000, 0x0000000100000000)
  region size 1024K, 44 young (45056K), 1 survivors (1024K)
 Metaspace       used 52911K, committed 53184K, reserved 1114112K
  class space    used 6335K, committed 6464K, reserved 1048576K
}
Event: 10.061 GC heap after
{Heap after GC invocations=21 (full 0):
 garbage-first heap   total 128000K, used 53526K [0x0000000086600000, 0x0000000100000000)
  region size 1024K, 5 young (5120K), 5 survivors (5120K)
 Metaspace       used 52911K, committed 53184K, reserved 1114112K
  class space    used 6335K, committed 6464K, reserved 1048576K
}
Event: 10.985 GC heap before
{Heap before GC invocations=21 (full 0):
 garbage-first heap   total 128000K, used 96534K [0x0000000086600000, 0x0000000100000000)
  region size 1024K, 47 young (48128K), 5 survivors (5120K)
 Metaspace       used 53159K, committed 53376K, reserved 1114112K
  class space    used 6340K, committed 6464K, reserved 1048576K
}
Event: 11.016 GC heap after
{Heap after GC invocations=22 (full 0):
 garbage-first heap   total 128000K, used 59748K [0x0000000086600000, 0x0000000100000000)
  region size 1024K, 6 young (6144K), 6 survivors (6144K)
 Metaspace       used 53159K, committed 53376K, reserved 1114112K
  class space    used 6340K, committed 6464K, reserved 1048576K
}
Event: 11.655 GC heap before
{Heap before GC invocations=22 (full 0):
 garbage-first heap   total 128000K, used 98660K [0x0000000086600000, 0x0000000100000000)
  region size 1024K, 44 young (45056K), 6 survivors (6144K)
 Metaspace       used 53159K, committed 53376K, reserved 1114112K
  class space    used 6340K, committed 6464K, reserved 1048576K
}

