# JRE version: OpenJDK Runtime Environment (17.0.11) (build 17.0.11+0--11852314)
# Java VM: OpenJDK 64-Bit Server VM (17.0.11+0--11852314, mixed mode, tiered, compressed oops, compressed class ptrs, g1 gc, windows-amd64)
GC Precious Log:
 CPUs: 8 total, 8 available
 Memory: 7778M
 Large Page Support: Disabled
 NUMA Support: Disabled
 Compressed Oops: Enabled (32-bit)
 Heap Region Size: 1M
 Heap Min Capacity: 8M
 Heap Initial Capacity: 122M
 Heap Max Capacity: 2G
 Pre-touch: Disabled
 Parallel Workers: 8
 Concurrent Workers: 2
 Concurrent Refinement Workers: 8
 Periodic GC: Disabled
Heap:
 garbage-first heap   total 503808K, used 296144K [0x0000000080000000, 0x0000000100000000)
  region size 1024K, 2 young (2048K), 2 survivors (2048K)
 Metaspace       used 190718K, committed 191936K, reserved 1245184K
  class space    used 24742K, committed 25344K, reserved 1048576K
GC Heap History (20 events):
Event: 137.806 GC heap after
{Heap after GC invocations=109 (full 0):
 garbage-first heap   total 329728K, used 278716K [0x0000000080000000, 0x0000000100000000)
  region size 1024K, 2 young (2048K), 2 survivors (2048K)
 Metaspace       used 189572K, committed 190720K, reserved 1245184K
  class space    used 24544K, committed 25088K, reserved 1048576K
}
Event: 137.991 GC heap before
{Heap before GC invocations=109 (full 0):
 garbage-first heap   total 329728K, used 293052K [0x0000000080000000, 0x0000000100000000)
  region size 1024K, 16 young (16384K), 2 survivors (2048K)
 Metaspace       used 190156K, committed 191296K, reserved 1245184K
  class space    used 24640K, committed 25216K, reserved 1048576K
}
Event: 137.994 GC heap after
{Heap after GC invocations=110 (full 0):
 garbage-first heap   total 329728K, used 280598K [0x0000000080000000, 0x0000000100000000)
  region size 1024K, 2 young (2048K), 2 survivors (2048K)
 Metaspace       used 190156K, committed 191296K, reserved 1245184K
  class space    used 24640K, committed 25216K, reserved 1048576K
}
Event: 138.168 GC heap before
{Heap before GC invocations=110 (full 0):
 garbage-first heap   total 329728K, used 293910K [0x0000000080000000, 0x0000000100000000)
  region size 1024K, 16 young (16384K), 2 survivors (2048K)
 Metaspace       used 190166K, committed 191360K, reserved 1245184K
  class space    used 24640K, committed 25216K, reserved 1048576K
}
Event: 138.172 GC heap after
{Heap after GC invocations=111 (full 0):
 garbage-first heap   total 329728K, used 282916K [0x0000000080000000, 0x0000000100000000)
  region size 1024K, 2 young (2048K), 2 survivors (2048K)
 Metaspace       used 190166K, committed 191360K, reserved 1245184K
  class space    used 24640K, committed 25216K, reserved 1048576K
}
Event: 138.250 GC heap before
{Heap before GC invocations=111 (full 0):
 garbage-first heap   total 329728K, used 296228K [0x0000000080000000, 0x0000000100000000)
  region size 1024K, 16 young (16384K), 2 survivors (2048K)
 Metaspace       used 190181K, committed 191360K, reserved 1245184K
  class space    used 24640K, committed 25216K, reserved 1048576K
}
Event: 138.253 GC heap after
{Heap after GC invocations=112 (full 0):
 garbage-first heap   total 329728K, used 285195K [0x0000000080000000, 0x0000000100000000)
  region size 1024K, 2 young (2048K), 2 survivors (2048K)
 Metaspace       used 190181K, committed 191360K, reserved 1245184K
  class space    used 24640K, committed 25216K, reserved 1048576K
}
Event: 138.373 GC heap before
{Heap before GC invocations=112 (full 0):
 garbage-first heap   total 329728K, used 298507K [0x0000000080000000, 0x0000000100000000)
  region size 1024K, 16 young (16384K), 2 survivors (2048K)
 Metaspace       used 190419K, committed 191552K, reserved 1245184K
  class space    used 24697K, committed 25280K, reserved 1048576K
}
Event: 138.375 GC heap after
{Heap after GC invocations=113 (full 0):
 garbage-first heap   total 329728K, used 286927K [0x0000000080000000, 0x0000000100000000)
  region size 1024K, 2 young (2048K), 2 survivors (2048K)
 Metaspace       used 190419K, committed 191552K, reserved 1245184K
  class space    used 24697K, committed 25280K, reserved 1048576K
}
Event: 138.494 GC heap before
{Heap before GC invocations=113 (full 0):
 garbage-first heap   total 329728K, used 300239K [0x0000000080000000, 0x0000000100000000)
  region size 1024K, 16 young (16384K), 2 survivors (2048K)
 Metaspace       used 190565K, committed 191680K, reserved 1245184K
  class space    used 24722K, committed 25280K, reserved 1048576K
}
Event: 138.497 GC heap after
{Heap after GC invocations=114 (full 0):
 garbage-first heap   total 329728K, used 288729K [0x0000000080000000, 0x0000000100000000)
  region size 1024K, 2 young (2048K), 2 survivors (2048K)
 Metaspace       used 190565K, committed 191680K, reserved 1245184K
  class space    used 24722K, committed 25280K, reserved 1048576K
}
Event: 138.618 GC heap before
{Heap before GC invocations=114 (full 0):
 garbage-first heap   total 329728K, used 302041K [0x0000000080000000, 0x0000000100000000)
  region size 1024K, 16 young (16384K), 2 survivors (2048K)
 Metaspace       used 190624K, committed 191744K, reserved 1245184K
  class space    used 24731K, committed 25280K, reserved 1048576K
}
Event: 138.621 GC heap after
{Heap after GC invocations=115 (full 0):
 garbage-first heap   total 329728K, used 290639K [0x0000000080000000, 0x0000000100000000)
  region size 1024K, 2 young (2048K), 2 survivors (2048K)
 Metaspace       used 190624K, committed 191744K, reserved 1245184K
  class space    used 24731K, committed 25280K, reserved 1048576K
}
Event: 138.677 GC heap before
{Heap before GC invocations=115 (full 0):
 garbage-first heap   total 329728K, used 303951K [0x0000000080000000, 0x0000000100000000)
  region size 1024K, 16 young (16384K), 2 survivors (2048K)
 Metaspace       used 190627K, committed 191744K, reserved 1245184K
  class space    used 24731K, committed 25280K, reserved 1048576K
}
Event: 138.680 GC heap after
{Heap after GC invocations=116 (full 0):
 garbage-first heap   total 329728K, used 292312K [0x0000000080000000, 0x0000000100000000)
  region size 1024K, 2 young (2048K), 2 survivors (2048K)
 Metaspace       used 190627K, committed 191744K, reserved 1245184K
  class space    used 24731K, committed 25280K, reserved 1048576K
}
Event: 138.779 GC heap before
{Heap before GC invocations=116 (full 0):
 garbage-first heap   total 329728K, used 305624K [0x0000000080000000, 0x0000000100000000)
  region size 1024K, 16 young (16384K), 2 survivors (2048K)
 Metaspace       used 190705K, committed 191936K, reserved 1245184K
  class space    used 24740K, committed 25344K, reserved 1048576K
}
Event: 138.782 GC heap after
{Heap after GC invocations=117 (full 0):
 garbage-first heap   total 329728K, used 294236K [0x0000000080000000, 0x0000000100000000)
  region size 1024K, 2 young (2048K), 2 survivors (2048K)
 Metaspace       used 190705K, committed 191936K, reserved 1245184K
  class space    used 24740K, committed 25344K, reserved 1048576K
}
Event: 138.835 GC heap before
{Heap before GC invocations=117 (full 0):
 garbage-first heap   total 329728K, used 308572K [0x0000000080000000, 0x0000000100000000)
  region size 1024K, 16 young (16384K), 2 survivors (2048K)
 Metaspace       used 190705K, committed 191936K, reserved 1245184K
  class space    used 24740K, committed 25344K, reserved 1048576K
}
Event: 138.838 GC heap after
{Heap after GC invocations=118 (full 0):
 garbage-first heap   total 329728K, used 296068K [0x0000000080000000, 0x0000000100000000)
  region size 1024K, 2 young (2048K), 2 survivors (2048K)
 Metaspace       used 190705K, committed 191936K, reserved 1245184K
  class space    used 24740K, committed 25344K, reserved 1048576K
}
Event: 138.899 GC heap before
{Heap before GC invocations=118 (full 0):
 garbage-first heap   total 503808K, used 308356K [0x0000000080000000, 0x0000000100000000)
  region size 1024K, 16 young (16384K), 2 survivors (2048K)
 Metaspace       used 190718K, committed 191936K, reserved 1245184K
  class space    used 24742K, committed 25344K, reserved 1048576K
}

