# JRE version: OpenJDK Runtime Environment (17.0.11) (build 17.0.11+0--11852314)
# Java VM: OpenJDK 64-Bit Server VM (17.0.11+0--11852314, mixed mode, tiered, compressed oops, compressed class ptrs, g1 gc, windows-amd64)
GC Precious Log:
 CPUs: 8 total, 8 available
 Memory: 7778M
 Large Page Support: Disabled
 NUMA Support: Disabled
 Compressed Oops: Enabled (32-bit)
 Heap Region Size: 1M
 Heap Min Capacity: 8M
 Heap Initial Capacity: 122M
 Heap Max Capacity: 2G
 Pre-touch: Disabled
 Parallel Workers: 8
 Concurrent Workers: 2
 Concurrent Refinement Workers: 8
 Periodic GC: Disabled
Heap:
 garbage-first heap   total 312320K, used 145834K [0x0000000080000000, 0x0000000100000000)
  region size 1024K, 61 young (62464K), 9 survivors (9216K)
 Metaspace       used 94466K, committed 95168K, reserved 1179648K
  class space    used 13208K, committed 13504K, reserved 1048576K
GC Heap History (20 events):
Event: 52.821 GC heap before
{Heap before GC invocations=28 (full 0):
 garbage-first heap   total 89088K, used 65153K [0x0000000080000000, 0x0000000100000000)
  region size 1024K, 3 young (3072K), 1 survivors (1024K)
 Metaspace       used 61784K, committed 62272K, reserved 1114112K
  class space    used 8467K, committed 8704K, reserved 1048576K
}
Event: 52.827 GC heap after
{Heap after GC invocations=29 (full 0):
 garbage-first heap   total 147456K, used 64113K [0x0000000080000000, 0x0000000100000000)
  region size 1024K, 1 young (1024K), 1 survivors (1024K)
 Metaspace       used 61784K, committed 62272K, reserved 1114112K
  class space    used 8467K, committed 8704K, reserved 1048576K
}
Event: 56.029 GC heap before
{Heap before GC invocations=29 (full 0):
 garbage-first heap   total 147456K, used 116337K [0x0000000080000000, 0x0000000100000000)
  region size 1024K, 50 young (51200K), 1 survivors (1024K)
 Metaspace       used 65761K, committed 66368K, reserved 1114112K
  class space    used 8990K, committed 9280K, reserved 1048576K
}
Event: 56.035 GC heap after
{Heap after GC invocations=30 (full 0):
 garbage-first heap   total 147456K, used 68378K [0x0000000080000000, 0x0000000100000000)
  region size 1024K, 3 young (3072K), 3 survivors (3072K)
 Metaspace       used 65761K, committed 66368K, reserved 1114112K
  class space    used 8990K, committed 9280K, reserved 1048576K
}
Event: 58.403 GC heap before
{Heap before GC invocations=30 (full 0):
 garbage-first heap   total 147456K, used 115482K [0x0000000080000000, 0x0000000100000000)
  region size 1024K, 50 young (51200K), 3 survivors (3072K)
 Metaspace       used 71496K, committed 72064K, reserved 1114112K
  class space    used 9715K, committed 9984K, reserved 1048576K
}
Event: 58.415 GC heap after
{Heap after GC invocations=31 (full 0):
 garbage-first heap   total 147456K, used 71096K [0x0000000080000000, 0x0000000100000000)
  region size 1024K, 5 young (5120K), 5 survivors (5120K)
 Metaspace       used 71496K, committed 72064K, reserved 1114112K
  class space    used 9715K, committed 9984K, reserved 1048576K
}
Event: 60.207 GC heap before
{Heap before GC invocations=32 (full 0):
 garbage-first heap   total 147456K, used 124344K [0x0000000080000000, 0x0000000100000000)
  region size 1024K, 52 young (53248K), 5 survivors (5120K)
 Metaspace       used 74111K, committed 74688K, reserved 1114112K
  class space    used 10091K, committed 10368K, reserved 1048576K
}
Event: 60.228 GC heap after
{Heap after GC invocations=33 (full 0):
 garbage-first heap   total 147456K, used 76026K [0x0000000080000000, 0x0000000100000000)
  region size 1024K, 7 young (7168K), 7 survivors (7168K)
 Metaspace       used 74111K, committed 74688K, reserved 1114112K
  class space    used 10091K, committed 10368K, reserved 1048576K
}
Event: 60.276 GC heap before
{Heap before GC invocations=33 (full 0):
 garbage-first heap   total 147456K, used 77050K [0x0000000080000000, 0x0000000100000000)
  region size 1024K, 8 young (8192K), 7 survivors (7168K)
 Metaspace       used 74179K, committed 74752K, reserved 1114112K
  class space    used 10102K, committed 10368K, reserved 1048576K
}
Event: 60.289 GC heap after
{Heap after GC invocations=34 (full 0):
 garbage-first heap   total 147456K, used 75524K [0x0000000080000000, 0x0000000100000000)
  region size 1024K, 1 young (1024K), 1 survivors (1024K)
 Metaspace       used 74179K, committed 74752K, reserved 1114112K
  class space    used 10102K, committed 10368K, reserved 1048576K
}
Event: 62.807 GC heap before
{Heap before GC invocations=34 (full 0):
 garbage-first heap   total 147456K, used 123652K [0x0000000080000000, 0x0000000100000000)
  region size 1024K, 44 young (45056K), 1 survivors (1024K)
 Metaspace       used 77904K, committed 78528K, reserved 1179648K
  class space    used 10605K, committed 10880K, reserved 1048576K
}
Event: 62.815 GC heap after
{Heap after GC invocations=35 (full 0):
 garbage-first heap   total 147456K, used 81721K [0x0000000080000000, 0x0000000100000000)
  region size 1024K, 3 young (3072K), 3 survivors (3072K)
 Metaspace       used 77904K, committed 78528K, reserved 1179648K
  class space    used 10605K, committed 10880K, reserved 1048576K
}
Event: 64.784 GC heap before
{Heap before GC invocations=36 (full 0):
 garbage-first heap   total 147456K, used 121657K [0x0000000080000000, 0x0000000100000000)
  region size 1024K, 42 young (43008K), 3 survivors (3072K)
 Metaspace       used 80393K, committed 81088K, reserved 1179648K
  class space    used 10943K, committed 11264K, reserved 1048576K
}
Event: 64.799 GC heap after
{Heap after GC invocations=37 (full 0):
 garbage-first heap   total 147456K, used 84873K [0x0000000080000000, 0x0000000100000000)
  region size 1024K, 6 young (6144K), 6 survivors (6144K)
 Metaspace       used 80393K, committed 81088K, reserved 1179648K
  class space    used 10943K, committed 11264K, reserved 1048576K
}
Event: 64.837 GC heap before
{Heap before GC invocations=37 (full 0):
 garbage-first heap   total 147456K, used 85897K [0x0000000080000000, 0x0000000100000000)
  region size 1024K, 7 young (7168K), 6 survivors (6144K)
 Metaspace       used 80394K, committed 81088K, reserved 1179648K
  class space    used 10943K, committed 11264K, reserved 1048576K
}
Event: 64.851 GC heap after
{Heap after GC invocations=38 (full 0):
 garbage-first heap   total 147456K, used 85647K [0x0000000080000000, 0x0000000100000000)
  region size 1024K, 1 young (1024K), 1 survivors (1024K)
 Metaspace       used 80394K, committed 81088K, reserved 1179648K
  class space    used 10943K, committed 11264K, reserved 1048576K
}
Event: 65.886 GC heap before
{Heap before GC invocations=38 (full 0):
 garbage-first heap   total 147456K, used 121487K [0x0000000080000000, 0x0000000100000000)
  region size 1024K, 36 young (36864K), 1 survivors (1024K)
 Metaspace       used 81093K, committed 81728K, reserved 1179648K
  class space    used 11035K, committed 11328K, reserved 1048576K
}
Event: 65.902 GC heap after
{Heap after GC invocations=39 (full 0):
 garbage-first heap   total 312320K, used 88039K [0x0000000080000000, 0x0000000100000000)
  region size 1024K, 4 young (4096K), 4 survivors (4096K)
 Metaspace       used 81093K, committed 81728K, reserved 1179648K
  class space    used 11035K, committed 11328K, reserved 1048576K
}
Event: 72.646 GC heap before
{Heap before GC invocations=39 (full 0):
 garbage-first heap   total 312320K, used 221159K [0x0000000080000000, 0x0000000100000000)
  region size 1024K, 134 young (137216K), 4 survivors (4096K)
 Metaspace       used 90577K, committed 91264K, reserved 1179648K
  class space    used 12585K, committed 12928K, reserved 1048576K
}
Event: 72.670 GC heap after
{Heap after GC invocations=40 (full 0):
 garbage-first heap   total 312320K, used 93610K [0x0000000080000000, 0x0000000100000000)
  region size 1024K, 9 young (9216K), 9 survivors (9216K)
 Metaspace       used 90577K, committed 91264K, reserved 1179648K
  class space    used 12585K, committed 12928K, reserved 1048576K
}

